20240429	10:42:42	c30de72d-29ad-4d0e-945e-7822fd9a60af	GET	/UB	undefined
20240429	10:42:42	fcdee275-cdeb-48d7-9263-b66099f0a0fa	GET	/DR	undefined
20240429	10:42:52	1e9f12fd-8801-4e4e-9661-13f91a30ad52	GET	/UB	undefined
20240429	10:42:52	0fa602c0-95d0-46bb-9f19-d66c18921d5f	GET	/DR	undefined
20240429	10:42:54	0c0fa774-3ccb-4013-9373-12569f49317c	GET	/	undefined
20240429	10:42:54	acc0cd7d-9371-49d8-bedf-0835f63c69c6	GET	/style.css	undefined
20240429	10:42:54	2219e033-fe21-47cc-aee9-32acf89300ba	GET	/index.js	undefined
20240429	10:42:54	e61cb722-63af-47ed-b911-26e09fb3075e	GET	/UB	undefined
20240429	10:42:54	7ba808ca-64a2-423c-831b-28a530a8cd92	GET	/DR	undefined
20240429	10:42:57	b992ca26-32d5-464e-a937-8c7e587d7b54	GET	/	undefined
20240429	10:42:57	3e3e7d4d-7482-49e4-aecf-eed87fbc5c35	GET	/style.css	undefined
20240429	10:42:57	b5a61e14-c7dd-4d29-af84-5ac87bd69d2e	GET	/index.js	undefined
20240429	10:42:57	15ddb0b2-1f3f-4bc7-8283-3f3d96e3ef7c	GET	/UB	undefined
20240429	10:42:57	71786e77-e011-4814-b40a-0370a5e7637e	GET	/DR	undefined
20240429	10:42:58	a660732f-04d8-44a2-881d-fb356a3dedbb	GET	/	undefined
20240429	10:42:58	786d6930-2aee-4b9b-b9b5-8da30c08e069	GET	/style.css	undefined
20240429	10:42:58	55518d37-8747-45eb-bac1-8f518655605d	GET	/index.js	undefined
20240429	10:42:58	5d499ec0-ecd4-413a-b1b3-3333de714cdc	GET	/UB	undefined
20240429	10:42:58	fbdf116f-4db8-4956-905f-0446eca5760e	GET	/DR	undefined
20240429	10:42:58	1302e7f7-fe95-4ad3-8b0e-6a6c7db8b3f1	GET	/	undefined
20240429	10:42:58	9f5dd3b9-4fe5-4040-96a4-d680e386b01b	GET	/style.css	undefined
20240429	10:42:58	8ea90ebb-2bbf-45bb-ba72-442bcc48f309	GET	/index.js	undefined
20240429	10:42:58	8dd62c1f-b745-4d4b-837b-dec773223791	GET	/UB	undefined
20240429	10:42:58	81483fd3-3952-481e-8ce6-53ea02366af2	GET	/DR	undefined
20240429	10:47:03	e1bc3a1d-b35e-4450-b88f-0416f10d45f3	GET	/	undefined
20240429	10:47:03	cf86f651-fd3a-40d3-b8c0-19152823e926	GET	/style.css	undefined
20240429	10:47:03	0ac654a5-4e6a-434c-871e-79aecd57a926	GET	/index.js	undefined
20240429	10:47:03	384de548-d75f-44f3-bf75-2ece17a65431	GET	/UB	undefined
20240429	10:47:03	feba3eb9-2adc-42c4-a212-cc168924dbec	GET	/DR	undefined
20240429	10:47:13	c7268898-8263-4d3f-98d3-9df74124f462	GET	/UB	undefined
20240429	10:47:13	4f6cdf83-84e1-41ec-95fb-4dbd58f7d1f5	GET	/DR	undefined
20240429	10:47:23	c48ae7e4-d494-4bb3-b341-dcb4b5dd7659	GET	/UB	undefined
20240429	10:47:23	54406ec9-e068-4da1-9ce7-54eed356d8ac	GET	/DR	undefined
20240429	10:47:33	bea23531-51c8-4a57-b4e3-1337113d2aa1	GET	/UB	undefined
20240429	10:47:33	9bb9173c-dc24-4f8e-b42f-dbd4dbcf08cb	GET	/DR	undefined
20240429	10:47:43	e02337fc-03af-4b53-8091-20199cb04c6a	GET	/UB	undefined
20240429	10:47:43	da7cc1d5-7a61-467b-99ab-24d6be3350ad	GET	/DR	undefined
20240429	10:47:53	52b03b55-8206-45bd-bfa3-63c59b02fd61	GET	/UB	undefined
20240429	10:47:53	a822afd0-736c-402f-a061-c8d035e9e305	GET	/DR	undefined
20240429	10:48:03	d3c9d7e6-b615-4f1a-8bb2-a8cb1abf71a9	GET	/UB	undefined
20240429	10:48:03	a2b70ab8-9e10-4764-8eac-1b1add8e6a0b	GET	/DR	undefined
20240429	10:48:13	58918118-c71d-4dab-bb3e-db58279a716b	GET	/UB	undefined
20240429	10:48:13	41e3331c-55e0-4a44-a04e-33e562213c1e	GET	/DR	undefined
20240429	10:48:23	cacbc991-8adb-469b-ad77-74776cfa88d7	GET	/UB	undefined
20240429	10:48:23	7814cc35-ba05-410e-9b66-9246510be853	GET	/DR	undefined
20240429	10:48:33	5a9f1a09-3891-48b6-91bf-e38849b2f5f5	GET	/UB	undefined
20240429	10:48:33	e5f27008-3299-425e-943f-68a3b27c14d6	GET	/DR	undefined
20240429	10:48:43	6ab24459-1904-4410-aa68-6871f3dbbc79	GET	/UB	undefined
20240429	10:48:43	2e4d0c07-896c-4717-a8dc-420dcf9d6a8e	GET	/DR	undefined
20240429	10:48:53	8602cf5a-ed37-4ff4-b4ce-12d1c6706178	GET	/UB	undefined
20240429	10:48:53	48731b00-1ebe-44c4-b2cf-1323dac176cd	GET	/DR	undefined
20240429	10:49:03	8e770b61-b52b-4bf8-93a2-5c7d957bdeaa	GET	/UB	undefined
20240429	10:49:03	6bbf1e70-17ab-4965-a27e-35ef5388938b	GET	/DR	undefined
20240429	10:49:13	0a53d669-4276-4416-844a-24bc6e3f9643	GET	/UB	undefined
20240429	10:49:13	8a1e69b6-a51b-4c87-9427-2df2c842f917	GET	/DR	undefined
20240429	10:49:23	f08c3fe9-ca09-46f4-bcd1-fbfdc4a0b3f2	GET	/UB	undefined
20240429	10:49:23	fc0a6f6e-7550-4888-a506-7b692a844728	GET	/DR	undefined
20240429	10:49:33	a9c5eacc-ee6d-4146-a422-e3953099d9ab	GET	/UB	undefined
20240429	10:49:33	f1889738-a4f9-4838-8262-14eff54aae7f	GET	/DR	undefined
20240429	10:49:43	59989558-ce26-46e8-8fc6-6281dc75b1ab	GET	/UB	undefined
20240429	10:49:43	98fa94e5-d1aa-41d2-bdf3-78e0ceb8d9ab	GET	/DR	undefined
20240429	10:49:53	f57dc108-fc75-4ec1-8f93-f33a9d523788	GET	/UB	undefined
20240429	10:49:53	be6043e7-b46f-4989-9869-bba7a6d28d8c	GET	/DR	undefined
20240429	10:50:03	c6a90437-e0fe-4129-9c6b-855ca42ed61c	GET	/UB	undefined
20240429	10:50:03	92e8cd38-dfca-4b96-8433-a58de9139af8	GET	/DR	undefined
20240429	10:50:13	188747a0-bdbb-4894-89fe-c49a007b0831	GET	/UB	undefined
20240429	10:50:13	fec918bb-017b-47b5-9d6e-ab38fde4e983	GET	/DR	undefined
20240429	10:50:23	006dbf0a-ceca-49e5-a5c9-6023b1e1b5c9	GET	/UB	undefined
20240429	10:50:23	79085f2f-0541-45b6-9162-9392cd9d5542	GET	/DR	undefined
20240429	10:50:33	2855d99f-1785-4ade-a20f-bbf2db7deb36	GET	/UB	undefined
20240429	10:50:33	2b0a3d2f-9d1c-4a9c-b34b-38e3922890af	GET	/DR	undefined
20240429	10:50:43	195c5d2a-6d7f-4c4d-beca-b7f23a542f98	GET	/UB	undefined
20240429	10:50:43	044c6309-8a8d-4b55-93d6-7de49b1faa69	GET	/DR	undefined
20240429	10:50:53	c5afb41f-02f3-44b9-9294-8ed36bf99975	GET	/UB	undefined
20240429	10:50:53	9782b6fe-9361-4e16-88f2-47d262489113	GET	/DR	undefined
20240429	10:51:03	c4712f37-0800-40e7-856e-6b2df841f53a	GET	/UB	undefined
20240429	10:51:03	6e59894e-3e02-47d8-97b6-c87583ab1a2e	GET	/DR	undefined
20240429	10:51:13	348d1579-8d8f-4927-b383-0ca789756ba7	GET	/UB	undefined
20240429	10:51:13	6b9417f9-c7dd-4326-9048-539571cd7170	GET	/DR	undefined
20240429	10:51:23	cf1a5eb5-f194-4ef0-920d-72fb7bb8edec	GET	/UB	undefined
20240429	10:51:23	52cbc7ed-feea-4876-a7fc-b8c6f573ba81	GET	/DR	undefined
20240429	10:51:33	cf000114-6440-40c9-a941-7a0cc901a2c0	GET	/UB	undefined
20240429	10:51:33	797e6bde-ff8d-4070-8781-1c1dd7029248	GET	/DR	undefined
20240429	10:51:43	2ee17caf-3471-48a0-85d6-1c0287513058	GET	/UB	undefined
20240429	10:51:43	292319d6-bcad-4b4a-ad51-aed38b9d5967	GET	/DR	undefined
20240429	10:51:53	b44bc117-be9a-4dd5-b93d-2a5249607e23	GET	/UB	undefined
20240429	10:51:53	a0fd2c80-e792-4f5b-ae45-d92eb5ddff28	GET	/DR	undefined
20240429	10:52:03	14338d99-8bc6-4ebe-8d0e-cb3cff92a714	GET	/UB	undefined
20240429	10:52:03	3992bdc3-98b8-4558-9db2-b0f091e01d39	GET	/DR	undefined
20240429	10:52:13	9de6049e-08b1-404e-bf43-d325c251b56b	GET	/UB	undefined
20240429	10:52:13	e0bca103-773b-4784-a738-20526436d030	GET	/DR	undefined
20240429	10:52:23	2b6caa18-5b99-45b6-bf7f-7ab10f52e153	GET	/UB	undefined
20240429	10:52:23	94e55635-3899-4840-bf34-8fae4be025fc	GET	/DR	undefined
20240429	10:52:33	72fe2439-6c70-4c89-b607-cf13c95beeb5	GET	/UB	undefined
20240429	10:52:33	fca5e577-f8e4-4fc6-8ea5-96c1060c87a1	GET	/DR	undefined
20240429	10:52:43	8d84e507-9a92-4f53-8146-dd9dbcf7484d	GET	/UB	undefined
20240429	10:52:43	aa88c493-d9fb-4c65-a0c5-40bdcda56080	GET	/DR	undefined
20240429	10:52:53	6b01b236-0866-44e6-9739-da8131ce6a7d	GET	/UB	undefined
20240429	10:52:53	8d18fc00-451e-4ddf-9ff8-c4c0590bf3c7	GET	/DR	undefined
20240429	10:53:03	7f409831-b45b-44ca-91db-d9104c59caa9	GET	/UB	undefined
20240429	10:53:03	955b882a-4d0d-4d86-83be-9cf901b6edca	GET	/DR	undefined
20240429	10:54:03	afa176de-8d24-437f-9e80-7725e5bf670f	GET	/UB	undefined
20240429	10:54:03	5c3c2406-cea7-40bf-8b18-75d94ead6ce3	GET	/DR	undefined
20240429	10:55:03	211edbfc-0b80-460f-8eac-68d569e6278b	GET	/UB	undefined
20240429	10:55:03	64ca6153-585d-4757-8553-ad820579f0a5	GET	/DR	undefined
20240429	10:56:03	7a583076-7dc4-4798-a03e-483d09384416	GET	/UB	undefined
20240429	10:56:03	f89b8b9a-f6f8-404e-af4b-e0b91120cb75	GET	/DR	undefined
20240429	10:57:03	d452d35c-bdf3-4250-a4f6-ae653675f701	GET	/UB	undefined
20240429	10:57:03	c0ac04a4-2925-4253-9be1-be85bc3951c3	GET	/DR	undefined
20240429	10:58:03	9538412a-c413-4939-ac31-88049242c6dc	GET	/UB	undefined
20240429	10:58:03	2fd8e4ca-01a1-4897-a384-64758b705781	GET	/DR	undefined
20240429	10:58:22	36d6e57d-1b6b-49a7-a365-4ad37524ad79	GET	/UB	undefined
20240429	10:58:22	ac45c57d-4a60-42e7-8985-45b7f3f67447	GET	/DR	undefined
20240429	10:58:23	d1aa5d0f-c2e0-420a-a639-7aa894b8840c	GET	/UB	undefined
20240429	10:58:23	3cfde5a2-eb47-44f1-9f3a-b124253b3fce	GET	/DR	undefined
20240429	10:58:30	b3bad07b-adb5-42f7-af85-eb9bcd5c60a4	GET	/	undefined
20240429	10:58:30	3571fc40-07f8-4242-a84e-34ef757e6ee1	GET	/style.css	undefined
20240429	10:58:30	aee4c325-d2e2-4656-9916-46f043502463	GET	/index.js	undefined
20240429	10:58:30	ffbdcc2b-3be6-4447-937d-81510d2642e2	GET	/UB	undefined
20240429	10:58:30	a97e1ce3-e8e0-4b07-9ae6-aefb520280f1	GET	/DR	undefined
20240429	10:58:34	4d28ef90-5585-426a-8ee9-6c7d0d37fe0e	GET	/style.css	undefined
20240429	10:58:40	09093026-adc3-4259-8d7d-3ee0bc5597b0	GET	/UB	undefined
20240429	10:58:40	ad401835-684b-48be-a7dd-481445e1474e	GET	/DR	undefined
20240429	10:58:50	7673c4ad-b592-47a2-8fb9-95e37e3c9c45	GET	/UB	undefined
20240429	10:58:50	8241fe56-3dbb-41a2-a007-6f6438070045	GET	/DR	undefined
20240429	10:59:00	c9c1427b-176c-4544-83d6-a799d38c6f93	GET	/UB	undefined
20240429	10:59:00	4a234392-52bd-471d-97b8-095830693b1e	GET	/DR	undefined
20240429	10:59:10	7d67d179-75b5-49c5-a632-6dca494546d0	GET	/UB	undefined
20240429	10:59:10	8100e18f-3973-47c7-b098-3a6f2915a067	GET	/DR	undefined
20240429	10:59:12	28fb7926-3ddf-4278-8599-35958fd495ff	GET	/	undefined
20240429	10:59:12	e278ffa8-bb18-44f6-bc13-154f18d1cec5	GET	/style.css	undefined
20240429	10:59:12	6373873b-0eff-424f-a8ba-66705e236bed	GET	/index.js	undefined
20240429	10:59:12	80bd3ccc-997c-4b4d-98e7-895fe39ad4f0	GET	/UB	undefined
20240429	10:59:12	deffda19-40ec-4d98-bf56-eb6597cdd1e3	GET	/DR	undefined
20240429	10:59:12	450d3957-7f96-487a-b439-aa6e5d6c0ba4	GET	/	undefined
20240429	10:59:12	4e761ce2-f924-4e63-8a62-4f9d6fa36f8e	GET	/style.css	undefined
20240429	10:59:12	23fdf142-dd3a-4870-876d-94b7d784c132	GET	/index.js	undefined
20240429	10:59:12	8cf351dc-f9aa-4255-8126-e2566972b121	GET	/UB	undefined
20240429	10:59:12	639198e1-dd48-429e-8696-3138b2b97c30	GET	/DR	undefined
20240429	11:06:15	01ac832c-65a6-4de0-bcc2-c6eb32aecd9e	GET	/	undefined
20240429	11:06:15	60b601e4-54d2-44df-9122-255659d6df55	GET	/style.css	undefined
20240429	11:06:15	c7c72709-2afb-4379-9102-12334fde8107	GET	/index.js	undefined
20240429	11:06:15	b624244e-acac-482e-b05d-324b3cacc5b5	GET	/UB	undefined
20240429	11:06:15	8a4825ae-f72a-4a0a-81f1-2288a257c2e8	GET	/DR	undefined
20240429	11:06:18	6b260eb6-b5c2-47ea-b2ef-0a536b8c2edc	POST	/transUB	http://localhost:3000
20240429	11:07:24	a7a18921-e402-4abc-a11a-fc0787324f09	POST	/transUB	http://localhost:3000
20240429	11:07:51	38a91fc5-216c-43eb-9a85-163506926ae9	POST	/transUB	http://localhost:3000
20240429	11:07:53	e169494f-399c-4ab9-a913-cd71a9dc21ff	POST	/transUB	http://localhost:3000
20240429	11:07:54	f50fc008-4173-4d29-af51-3be3604b0669	POST	/transUB	http://localhost:3000
20240429	11:09:17	749ae7d7-faf5-4e3d-ad19-5c9d44db94d4	POST	/transUB	http://localhost:3000
20240429	11:09:36	2860764b-93c1-42f1-a625-004da213b9d3	POST	/transUB	http://localhost:3000
20240429	11:09:36	c61fde97-e59c-4926-88e8-d0149df62d42	POST	/transUB	http://localhost:3000
20240429	11:09:37	b46dec1b-6896-4f01-8c34-123d96419ef7	POST	/transUB	http://localhost:3000
20240429	11:10:26	d1261a7c-f443-4954-9492-beb0ce26510a	POST	/transUB	http://localhost:3000
20240429	11:21:13	c7274db5-312a-46f3-b6ea-6b0d192f432b	GET	/	undefined
20240429	11:21:13	7b3dd191-b222-417f-be4b-0c1ffd0e5524	GET	/style.css	undefined
20240429	11:21:13	a11da0bf-f0b0-4c42-bae6-c003e54883ff	GET	/index.js	undefined
20240429	11:21:13	c1aad512-10ca-4c18-8606-b61e47fff9f0	GET	/UB	undefined
20240429	11:21:13	4701c2ce-23a8-4928-8edc-9d9b90955f27	GET	/DR	undefined
20240429	11:21:18	f0c2f285-8272-47e7-9fbe-78ff27f44a97	POST	/transUB	http://localhost:3000
20240429	11:21:26	64fd93d5-c136-4f54-848e-72e92b330c07	GET	/	undefined
20240429	11:21:26	8af296db-e670-4f40-951a-28fc3a629512	GET	/style.css	undefined
20240429	11:21:26	65fc606e-a93d-4e42-a6f8-6612fa847a63	GET	/index.js	undefined
20240429	11:21:26	b983ac5c-75a0-48f8-a6fd-34a8b720ca8f	GET	/UB	undefined
20240429	11:21:26	6d18e685-6ee1-4c44-9a63-2980cba307bd	GET	/DR	undefined
20240429	11:21:31	54c22c41-9d62-42b1-b2ed-f20be321eb63	GET	/	undefined
20240429	11:21:31	ab19b0d6-cf5b-4264-81cd-d23e2fd6b5c7	GET	/style.css	undefined
20240429	11:21:31	0b9ecff5-f744-4e62-b390-2ff62c64fcaa	GET	/index.js	undefined
20240429	11:21:31	84ca9fc0-348f-4346-9253-3452e1142acb	GET	/UB	undefined
20240429	11:21:31	d566a517-3768-4380-bff3-1b8087e15a79	GET	/DR	undefined
20240429	11:21:32	9c8ca170-9ae6-4cfc-b9d8-a4f2548e8c85	GET	/	undefined
20240429	11:21:32	b8f59586-3e48-4592-9550-e95764c30c10	GET	/style.css	undefined
20240429	11:21:32	36385348-b0ca-4ffb-91ae-ea619afdc0d7	GET	/index.js	undefined
20240429	11:21:32	5dce7e09-24fa-4a44-96e0-f63c02601d9e	GET	/UB	undefined
20240429	11:21:32	8084af6e-e9af-4535-a680-c817f194e303	GET	/DR	undefined
20240429	11:21:32	d5df4f77-91d7-4f92-99d9-b8234381da9e	GET	/	undefined
20240429	11:21:32	3b6190ac-2206-4686-b89b-d835cf1841c8	GET	/style.css	undefined
20240429	11:21:32	8ced55ad-1cd1-4004-a226-c526bcfdaa97	GET	/index.js	undefined
20240429	11:21:32	9cd90d42-9237-4d94-a3dd-2e7a96ccd911	GET	/UB	undefined
20240429	11:21:32	90f7ff5c-e1af-4744-a50d-5b3f12fc0264	GET	/DR	undefined
20240429	11:21:33	95a2c1b6-643a-4685-8bfc-4fc56a80af48	GET	/	undefined
20240429	11:21:33	bee62f5b-cad9-4b58-be83-e903d0315a8a	GET	/style.css	undefined
20240429	11:21:33	f1375fc3-9174-4cd0-a206-4e7149b95f52	GET	/index.js	undefined
20240429	11:21:33	dd509614-bc22-40c9-b80f-b111e50aae27	GET	/UB	undefined
20240429	11:21:33	5305a43e-6075-4b6e-94e9-f43f8b2cf40d	GET	/DR	undefined
20240429	11:21:33	1a2e798e-ca9a-4fdd-bbdf-1c2671c67c57	GET	/	undefined
20240429	11:21:33	0e19e150-8891-4b7a-8143-8cc05344ece0	GET	/style.css	undefined
20240429	11:21:33	383a1246-4429-40ee-8d92-7bdfc2395210	GET	/index.js	undefined
20240429	11:21:33	5304e694-004b-4e84-8125-0dbad6c9cd2c	GET	/DR	undefined
20240429	11:21:33	ab007a34-6c9b-4d7f-b2b3-bb4f7f590de7	GET	/UB	undefined
20240429	11:21:34	4becb3f0-66ea-4d12-8997-7411e25aa717	GET	/	undefined
20240429	11:21:34	ff2d06bc-6f6b-4b70-8ca6-48ce72ee8026	GET	/style.css	undefined
20240429	11:21:34	3d387cd9-27fd-4d6d-bba1-991c92e607d5	GET	/index.js	undefined
20240429	11:21:34	77319e7e-7ffa-491a-9d08-868adb3e3aa1	GET	/UB	undefined
20240429	11:21:34	0ca3fe28-0564-474d-bb38-f5c7572d3239	GET	/DR	undefined
20240429	11:21:38	84710dcb-54f2-4d8e-a6df-9ab566993436	POST	/transUB	http://localhost:3000
20240429	11:21:43	2278c4a6-bc48-44f6-bb33-4310a43926a8	POST	/transUB	http://localhost:3000
20240429	11:22:46	3062ded4-ef4f-4ae4-b664-bd0a0b37d8dd	POST	/transUB	http://localhost:3000
20240429	11:23:39	e781844e-c7ec-4f82-90b2-9040f2ba0e97	POST	/transUB	http://localhost:3000
20240429	11:23:43	70f7e36d-1038-4337-b728-10f28598674d	POST	/transUB	http://localhost:3000
20240429	11:25:06	6c93bffe-5bac-47bd-8fa4-db75c3c4f82d	POST	/transUB	http://localhost:3000
20240429	11:25:12	ad220f78-178e-4fc5-b836-50f34aff90be	GET	/	undefined
20240429	11:25:12	1f7b43f7-3589-4f3e-8bd4-95d8336aab0d	GET	/style.css	undefined
20240429	11:25:12	96b87853-a33e-4ec4-a5a9-1a057c4ae495	GET	/index.js	undefined
20240429	11:25:12	e722dc33-a5be-4bcc-86c3-f9549fb27213	GET	/DR	undefined
20240429	11:25:12	15776a2b-7c6e-4134-8d5b-19361ce60709	GET	/UB	undefined
20240429	11:25:26	9670d616-13ff-4bc3-9368-c257f61adf5d	POST	/transUB	http://localhost:3000
20240429	11:25:30	31315cf7-e9d9-4532-a71e-5eac17d40c03	GET	/	undefined
20240429	11:25:30	67010f7b-767b-4a4b-b80b-ec6cf7ebbec2	GET	/style.css	undefined
20240429	11:25:30	7acaf981-a225-4eb2-ae7f-ce0332b2f9a5	GET	/index.js	undefined
20240429	11:25:30	b9e05513-aa6f-40aa-b9f4-42276333fb03	GET	/DR	undefined
20240429	11:25:30	eb6af84c-0c2b-4147-bdf5-623fb6fd73cf	GET	/UB	undefined
20240429	11:26:51	0998c55b-c15e-4c0e-b934-6621c1d731dd	POST	/transDR	http://localhost:3000
20240429	11:26:52	bc3f0ccc-f5e8-4191-a5f1-5add00d7ccf3	POST	/transDR	http://localhost:3000
20240429	11:26:54	3b3cf83b-9b62-4aa5-9850-8e342a764157	GET	/	undefined
20240429	11:26:55	f553988b-28b6-4854-a5b3-19950db1b5c8	GET	/style.css	undefined
20240429	11:26:55	72d50a21-59bc-42b3-b1d4-6fa464f8f2aa	GET	/index.js	undefined
20240429	11:26:55	ace65316-aeba-47a5-a5ff-85c2f82d526a	GET	/UB	undefined
20240429	11:26:55	901f7b22-4e48-4adf-b06e-066c67a07b00	GET	/DR	undefined
20240429	11:27:50	d5b1df5f-f5a6-463d-bbb5-7203b9ddacf3	POST	/transUB	http://localhost:3000
20240429	11:27:50	f67c4b72-85d6-415b-a057-27040f3db9db	GET	/UB	undefined
20240429	11:27:50	a6ee6ed0-a084-4426-93e5-dd2ebfb552ea	GET	/DR	undefined
20240429	11:27:55	feeaa640-3314-4347-b9b1-8f8149b107b3	GET	/	undefined
20240429	11:27:55	7871508b-4843-434c-9bf8-824636377c82	GET	/style.css	undefined
20240429	11:27:55	a30581bb-5eb3-4e80-851f-e83cc40af6f3	GET	/index.js	undefined
20240429	11:27:55	c9dbd446-68b4-407d-b80f-f3ca4fe4e158	GET	/UB	undefined
20240429	11:27:55	0a9c4c7e-7ba2-44e5-98ae-c7f406142951	GET	/DR	undefined
20240429	11:28:09	469df02c-4afa-4088-b444-853b776b4b62	POST	/transUB	http://localhost:3000
20240429	11:28:09	fe0c0902-4b09-4fe8-aad2-1573c4c7a906	GET	/UB	undefined
20240429	11:28:09	c65ba80f-408b-447e-a075-afae8327d69d	GET	/DR	undefined
20240429	11:28:09	a22c75ae-b099-4e1e-8f54-2137723832ff	GET	/UB	undefined
20240429	11:28:09	c6b95fac-6758-4501-9e3d-5390d7dabe35	GET	/DR	undefined
20240429	11:28:11	62ea1015-03bd-4634-9cba-b1a0660d1260	GET	/	undefined
20240429	11:28:11	d6288950-5ecc-412f-8ff9-79d2de3e6bde	GET	/style.css	undefined
20240429	11:28:11	a94dc25d-fa16-4304-a425-a80fcf327529	GET	/index.js	undefined
20240429	11:28:11	f89cc00d-d011-4d59-a703-c31b94163455	GET	/UB	undefined
20240429	11:28:11	eefb6166-8e44-4c89-be46-4d6afe4529cd	GET	/DR	undefined
20240429	11:28:49	ad9c482a-971a-4012-a2d3-34e681543ff7	POST	/transDR	http://localhost:3000
20240429	11:28:49	943e5865-0d92-4721-8c70-8e4a67692ae0	GET	/UB	undefined
20240429	11:28:49	8aac3aaa-e41a-4c66-9f7c-c6f37edf9cfa	GET	/DR	undefined
20240429	11:28:51	0f4ce361-4b1b-4344-999f-d31744b971e8	GET	/	undefined
20240429	11:28:51	3bd91276-485e-4458-900a-3581aac5e372	GET	/style.css	undefined
20240429	11:28:51	2283ec8f-22d8-413e-b4ae-d07bc8ec2250	GET	/index.js	undefined
20240429	11:28:51	9078e31e-3cca-4d5d-8a05-6718f802805d	GET	/UB	undefined
20240429	11:28:51	4da12b02-b266-4465-b637-8f724c535eca	GET	/DR	undefined
20240430	12:40:25	cc0244dc-a457-4b4e-8f6e-00b3453291a8	GET	/	undefined
20240430	12:40:25	f68716b9-6e4f-4892-947f-ecb192052497	GET	/style.css	undefined
20240430	12:40:25	80047139-5f62-41a2-821b-55d693a2f43c	GET	/index.js	undefined
20240430	12:40:25	6a0a282c-9308-4364-8b18-297a093dd51a	GET	/UB	undefined
20240430	12:40:25	19a61ce9-7b51-498f-8697-88dfd51c1bf3	GET	/DR	undefined
20240430	12:40:25	8aa15a0e-0df9-407c-845d-b778d674680b	GET	/favicon.ico	undefined
20240430	12:40:32	60253ffe-903a-4b54-950e-a9f6486cddcf	POST	/transUB	http://localhost:3000
20240430	12:40:32	79953797-a4df-4f2c-8edb-e66d440ac629	GET	/DR	undefined
20240430	12:40:32	74f04e81-3447-4740-9906-86e791c069d5	GET	/UB	undefined
20240430	12:40:35	cba0e741-eb66-4e91-947f-131247a22077	GET	/	undefined
20240430	12:40:35	1aaa4f2d-fb5d-4b9f-b752-5677fc0273a2	GET	/style.css	undefined
20240430	12:40:35	ae3b72fa-d381-473b-a62a-9eee918eff4f	GET	/index.js	undefined
20240430	12:40:35	318bda83-fc79-405e-a1bb-905be7c3925a	GET	/UB	undefined
20240430	12:40:35	d280eef6-dfb1-4b23-9d90-60b56cdbfd89	GET	/DR	undefined
20240430	12:40:35	a9f064ac-5d8f-40ce-acaf-09b6382bdeb9	GET	/	undefined
20240430	12:40:35	ae743736-14c2-4851-a2f9-6e336b3c7fc5	GET	/style.css	undefined
20240430	12:40:35	3f967b33-5320-44d5-9e54-f15e9a604786	GET	/index.js	undefined
20240430	12:40:35	424cf77f-c221-4d4f-ac50-2aa95af008a7	GET	/UB	undefined
20240430	12:40:35	9b32c5c5-c240-4593-b37b-d72ed1769a4a	GET	/DR	undefined
20240430	12:40:36	c03f8878-7168-4cb9-aae9-14011b4bf0b8	GET	/	undefined
20240430	12:40:36	710f9e61-d6f0-4f93-9110-d64dd580d743	GET	/style.css	undefined
20240430	12:40:36	963ab9fe-6e34-4438-b0b2-3336057099f6	GET	/index.js	undefined
20240430	12:40:36	d9ca050d-409a-4b94-821f-97580af93696	GET	/DR	undefined
20240430	12:40:36	68b7cc95-f15c-4daf-8e8f-b8e7ee4e935d	GET	/UB	undefined
20240430	12:40:36	c081005b-faa4-4c14-85d6-60a447ac02b0	GET	/	undefined
20240430	12:40:36	1f808542-9a72-4e79-8621-0243f0c17199	GET	/style.css	undefined
20240430	12:40:36	f29fd931-5e73-42f1-834e-4f5162663603	GET	/index.js	undefined
20240430	12:40:36	0a06613f-244c-4a74-8a3d-00bd01671a80	GET	/DR	undefined
20240430	12:40:36	47db8f6d-1871-4b4a-841c-ed6b2519f5ea	GET	/UB	undefined
20240430	12:40:41	7bbd579c-3f3d-4526-a400-e81189d38d34	POST	/transUB	http://localhost:3000
20240430	12:40:41	3715955b-b698-446d-ab4c-5a69038abb40	GET	/UB	undefined
20240430	12:40:41	c929b071-ec06-4e30-8596-a78dba31a1cd	GET	/DR	undefined
20240430	12:40:42	235fcca1-6676-4201-aa77-17a71c078ca5	POST	/transUB	http://localhost:3000
20240430	12:40:42	8bc7a222-f4b6-488b-86df-723327f12cd3	GET	/UB	undefined
20240430	12:40:42	96006348-7471-4843-acf7-5ef674efabe6	GET	/DR	undefined
20240430	12:40:42	af1f2dbf-fd24-4f52-b285-ac4262e87dc1	POST	/transUB	http://localhost:3000
20240430	12:40:42	a1ff3aee-0a4e-428d-97e3-82df1c84bf0b	GET	/UB	undefined
20240430	12:40:42	8a2ce28e-7457-447b-8233-c90ce55ef3eb	GET	/DR	undefined
20240430	12:40:42	b93a9c24-433f-4b65-853b-bf18a0b6887b	POST	/transUB	http://localhost:3000
20240430	12:40:42	49b11875-f163-4eb4-a598-554f20cb71ce	GET	/UB	undefined
20240430	12:40:42	4b411e18-0716-4156-9c1a-51ea6edf6784	GET	/DR	undefined
20240430	12:40:43	6494c1ba-8fb5-42a0-9a31-d2bcc6a24b0a	GET	/	undefined
20240430	12:40:43	b9501b16-0ec9-4cda-bacd-c594b3ad29b3	GET	/style.css	undefined
20240430	12:40:43	ebf6226c-c24c-4eeb-8686-bfdb66166667	GET	/index.js	undefined
20240430	12:40:43	fb0fae0a-028e-45d9-9b79-c9385c5a82d3	GET	/UB	undefined
20240430	12:40:43	e0cd16d4-2c1b-4a1c-a37a-d4788310a921	GET	/DR	undefined
20240430	12:40:44	faab0541-929e-4e71-b616-a0bbe01fb41a	GET	/	undefined
20240430	12:40:44	1f86a5a5-5e7e-4040-b5f2-887bb05336d1	GET	/style.css	undefined
20240430	12:40:44	6a5d2040-3153-4ed8-a40d-50660b1363a8	GET	/index.js	undefined
20240430	12:40:44	a91b0640-de2c-41e4-8a7a-d589568c53c4	GET	/UB	undefined
20240430	12:40:44	4ce94d8b-9e41-4e58-8375-061c8baa1da5	GET	/DR	undefined
20240430	12:40:44	ec3ffc7f-1b02-453e-9c4b-6832380cd21b	GET	/	undefined
20240430	12:40:44	c7136e6c-b4ab-4680-9597-5a20a5fa415c	GET	/style.css	undefined
20240430	12:40:44	1ee7fac2-2b87-4797-94cf-e995c56baae9	GET	/index.js	undefined
20240430	12:40:44	6520b86b-37c0-4d74-9774-201ebaef7de2	GET	/UB	undefined
20240430	12:40:44	248d8976-676b-4895-b49f-1c1737df232b	GET	/DR	undefined
20240430	12:40:44	2ef5292a-3028-4e65-9677-9ead85c36f3f	GET	/	undefined
20240430	12:40:44	139acc0c-aa5c-4948-ab29-d57258194c13	GET	/style.css	undefined
20240430	12:40:44	20d1e835-3aa6-4328-9542-14dbb241e111	GET	/index.js	undefined
20240430	12:40:44	9f733103-da75-4dd9-83b3-3bc2d8a829db	GET	/UB	undefined
20240430	12:40:44	435a3cc8-d259-4407-bd60-97b970ede251	GET	/DR	undefined
20240430	12:40:44	794c8eac-e40e-4751-9d3f-b50a448dabe9	GET	/	undefined
20240430	12:40:44	cfff7b7a-add9-4a97-8349-9ab16b161172	GET	/style.css	undefined
20240430	12:40:44	0eb1b88b-6ebe-47ca-bc98-33ab30bc8fd4	GET	/index.js	undefined
20240430	12:40:44	a80089a5-7ee9-43d8-91a6-bd4e82938b15	GET	/UB	undefined
20240430	12:40:44	086931a7-3f9b-4a51-ae14-e5646b0bd3c6	GET	/DR	undefined
20240430	12:48:32	65143cc9-4f2b-4c74-8ba3-74ec93380855	GET	/	undefined
20240430	12:48:32	bff417bf-0326-48d2-9cd3-66683c5bf4e3	GET	/style.css	undefined
20240430	12:48:32	f3fac488-da49-42fe-8627-76252d2605e3	GET	/index.js	undefined
20240430	12:48:32	039736ca-d271-450b-983c-573010107fcd	GET	/UB	undefined
20240430	12:48:32	abc521da-3641-4a8e-b556-b708f27cdf4c	GET	/DR	undefined
20240430	12:48:35	eb9ee727-f2fd-41a5-a258-6321f98a25f7	POST	/transUB	http://localhost:3000
20240430	12:48:35	4736d3e2-0b18-4c7f-8e37-16ee162a28da	GET	/UB	undefined
20240430	12:48:35	c5a7d4fb-6c32-491b-8347-d39d3e331852	GET	/DR	undefined
20240430	12:48:37	e94905e3-e58f-4316-a87e-270c73d0c774	GET	/	undefined
20240430	12:48:37	0f1b798b-b138-4e43-a15f-e8ba964b8d27	GET	/style.css	undefined
20240430	12:48:37	9e973c60-b3ba-40dd-8c73-40d54c498403	GET	/index.js	undefined
20240430	12:48:37	0684138c-fb7a-4aa4-a44c-c5bd9469d6ce	GET	/UB	undefined
20240430	12:48:37	c4c3367a-4322-430f-9a0d-cb2cb37da493	GET	/DR	undefined
20240430	12:48:37	25f7e6c4-6c52-422b-8a96-3f3ba5619381	GET	/	undefined
20240430	12:48:37	382aef29-510c-4d3d-9b0a-1c4f2b0cc04e	GET	/style.css	undefined
20240430	12:48:37	6f228a41-a5fc-41b3-a7c9-ec221db88601	GET	/index.js	undefined
20240430	12:48:37	418608de-6e6d-4c6e-83dd-bc6b03b4afae	GET	/UB	undefined
20240430	12:48:37	a549e2a2-58cf-45bd-902c-2d81c5a4399d	GET	/DR	undefined
20240430	12:48:37	06316c83-6676-490b-8f74-df49047b422a	GET	/	undefined
20240430	12:48:37	e1abbc0b-8b66-4410-a49c-e92ef0dde9b4	GET	/style.css	undefined
20240430	12:48:37	64ff0baa-272e-490b-bf46-78407bd93cfc	GET	/index.js	undefined
20240430	12:48:37	a4396678-8f1d-491d-8274-d16424ef4e66	GET	/UB	undefined
20240430	12:48:37	0b765190-6551-431a-a0a7-de3de2f4fc2f	GET	/DR	undefined
20240430	12:48:38	b98e8ea8-327f-4266-8603-bc5d2fe32c3b	GET	/	undefined
20240430	12:48:38	825b5f2f-672b-4705-aca7-36a024bb639a	GET	/style.css	undefined
20240430	12:48:38	4cfac1f4-de50-4e68-b17e-c9ae4defece7	GET	/index.js	undefined
20240430	12:48:38	c9371d29-35aa-40ad-8996-534947d2d86f	GET	/UB	undefined
20240430	12:48:38	f712a006-d432-4a8d-bc85-f47b964da61e	GET	/DR	undefined
20240430	12:48:38	5af06dd8-ad0c-406f-bb1f-3cef3ad84472	GET	/	undefined
20240430	12:48:38	ed759bb9-4d06-4971-a6c6-12943c50c327	GET	/style.css	undefined
20240430	12:48:38	aaf5faa3-ed3a-4c6a-a697-0b884f371462	GET	/index.js	undefined
20240430	12:48:38	cb2b08ec-9c44-484e-b58e-c2d3ad9012d0	GET	/UB	undefined
20240430	12:48:38	3598d901-fbf1-4f47-9cb9-dacb516a018b	GET	/DR	undefined
20240430	12:48:38	d6af15d3-6dc4-4069-adb1-80221f3229e8	GET	/	undefined
20240430	12:48:38	071018b8-3a76-48d5-b065-9f409474ed38	GET	/style.css	undefined
20240430	12:48:38	ede9a458-f311-4632-a78f-07d9d182ec7f	GET	/index.js	undefined
20240430	12:48:38	0cc29299-cdc5-42d7-8ed5-8030f80d66a9	GET	/UB	undefined
20240430	12:48:38	7570a010-18ab-4d16-ad1f-1c698429620b	GET	/DR	undefined
20240430	12:48:38	5d82ca94-f804-4fc5-a0c3-52a656cb243e	GET	/	undefined
20240430	12:48:38	02f4a7cc-5d35-4ccc-8b9b-a911b56284f8	GET	/style.css	undefined
20240430	12:48:38	4485d589-49a0-4631-af84-2ddd43ae6976	GET	/index.js	undefined
20240430	12:48:38	934db697-a0f6-4bae-ae06-38b930c66ff0	GET	/UB	undefined
20240430	12:48:38	f229bb9f-65b5-4c0a-b43d-5149c00f98d1	GET	/DR	undefined
20240430	12:48:47	8f32cf6c-7285-4e6c-82be-156000922782	GET	/	undefined
20240430	12:48:47	ac12331c-5632-475b-9b0d-0122cde36f97	GET	/style.css	undefined
20240430	12:48:47	74ddd586-6f64-4475-85a8-4cf7584737d3	GET	/index.js	undefined
20240430	12:48:47	c6df15b6-a532-4cf9-b6c3-e418fe8acc4a	GET	/UB	undefined
20240430	12:48:47	2855ed66-5dd7-44d9-a871-d6eef46cd6e5	GET	/DR	undefined
20240430	12:50:11	15cfa536-7f96-46f6-b6f4-b581abcbbe3c	POST	/transUB	http://localhost:3000
20240430	12:50:11	f580bce0-5231-4b06-b4ed-03a08be340b6	GET	/UB	undefined
20240430	12:50:11	56621e8b-de1a-4005-bf3c-a204290f1704	GET	/DR	undefined
20240430	12:50:13	f9b5250c-fee9-4152-a32d-33893aa9280c	GET	/	undefined
20240430	12:50:13	77cf86bb-0ff8-4fc5-8f28-b54cbbb42afb	GET	/style.css	undefined
20240430	12:50:13	b3c0a753-a810-472e-bbaf-28c4e3dc561b	GET	/index.js	undefined
20240430	12:50:13	b1943b2e-130d-4e60-bc7a-3313a00d35d0	GET	/DR	undefined
20240430	12:50:13	b19c9098-60c4-45d5-aacb-ea2a8d616ff1	GET	/UB	undefined
20240430	12:50:13	e178443c-6cde-4001-ad93-c31f4bd617e5	GET	/	undefined
20240430	12:50:13	9b370acd-1d98-4d4d-bb53-1a7d361d5499	GET	/style.css	undefined
20240430	12:50:13	33a1cf98-0c3d-4e91-bf46-179f49eb039e	GET	/index.js	undefined
20240430	12:50:13	98bfa5b6-cccf-4a96-beff-c00d5bb5abad	GET	/UB	undefined
20240430	12:50:13	6d3af67d-8299-4c96-af71-64d972f81c07	GET	/DR	undefined
20240430	12:50:13	4072e1d4-b760-42e8-ac6c-6b18fde95c64	GET	/	undefined
20240430	12:50:13	52544119-e917-4e08-8392-833f6ba174f7	GET	/style.css	undefined
20240430	12:50:13	a34b9973-521f-4785-9204-11306b2a1ce1	GET	/index.js	undefined
20240430	12:50:13	ee0efba6-0b1c-4701-a150-390b013dd23a	GET	/UB	undefined
20240430	12:50:13	3524d161-135e-4128-92d0-a8f7650fd83d	GET	/DR	undefined
20240430	12:50:14	1f62230f-0c87-4008-8d0c-e89f547f9a32	GET	/	undefined
20240430	12:50:14	f8342eba-f94b-48b6-ae3e-5136e02ad1cd	GET	/style.css	undefined
20240430	12:50:14	a004ed01-53ea-43d8-92ac-587a8e33aa30	GET	/index.js	undefined
20240430	12:50:14	34716929-935a-4e18-a8c9-cc33c9663e45	GET	/UB	undefined
20240430	12:50:14	97b459b4-74aa-4c94-9e36-c07f808fd3c8	GET	/DR	undefined
20240430	12:55:44	deeee744-a183-4ce8-a46c-8376af5d2c0e	GET	/	undefined
20240430	12:55:44	ee4cf19c-97f1-4951-9b5c-ed8779bdb558	GET	/style.css	undefined
20240430	12:55:44	fa097042-1d4c-451c-9f12-dd92ff5e312b	GET	/index.js	undefined
20240430	12:55:44	d2ce9faf-21db-40bb-b0d1-b9d9291fbc97	GET	/UB	undefined
20240430	12:55:44	7ecd2032-f21a-497c-a5b1-b0135e4bc8a8	GET	/DR	undefined
20240430	12:56:27	541454f3-4cc7-482f-8793-2059c8893dc4	GET	/	undefined
20240430	12:56:27	43e76846-156e-43a4-a316-288d94ef827d	GET	/style.css	undefined
20240430	12:56:27	50ed69ff-264c-4556-a8ce-1fb5732ebc65	GET	/index.js	undefined
20240430	12:56:27	ef1c940e-8ada-430a-b061-b4e56459d2ef	GET	/DR	undefined
20240430	12:56:27	c6de7415-2e6e-47cd-b8f9-d28d7f81e929	GET	/UB	undefined
20240430	12:56:33	6408ac3e-9337-4f6c-ae26-30eb008f0dd6	POST	/transUB	http://localhost:3000
20240430	12:56:33	03f280e7-27a7-4bec-adf9-305510871b25	GET	/UB	undefined
20240430	12:56:33	40f94426-78c0-4726-8304-11b55cc8da9b	GET	/DR	undefined
20240430	12:56:41	7125b1b4-4bdf-4ba9-a0d2-9aecbce64eef	POST	/transDR	http://localhost:3000
20240430	12:56:41	af125335-ab0b-4bd3-98de-adbc8771db22	GET	/UB	undefined
20240430	12:56:41	a34ee5c9-cde7-442c-8b32-af8c40541a01	GET	/DR	undefined
20240430	12:57:00	0a27488d-bce0-4209-92f6-7914d453de19	GET	/	undefined
20240430	12:57:01	190cc3c1-e496-4dcb-b13b-8304b03129f7	GET	/style.css	undefined
20240430	12:57:01	8d211e19-d620-43d6-86dd-7e62cb50ffe5	GET	/index.js	undefined
20240430	12:57:01	9f7767a8-54c3-420f-bbc4-055cac4976f6	GET	/UB	undefined
20240430	12:57:01	dd4c9a44-2ca1-4d57-8516-5f8210ddafca	GET	/DR	undefined
20240430	12:57:04	b73d10ca-7c5d-4a18-98b8-d4706a8d7947	POST	/transUB	http://localhost:3000
20240430	12:57:04	3b90243a-aae6-41f0-bdeb-affae4b67d88	GET	/UB	undefined
20240430	12:57:04	4a719710-d445-4a24-9294-601feda054c4	GET	/DR	undefined
20240430	12:57:06	b6bddfd5-d638-429f-94a4-e399cc2ec276	GET	/	undefined
20240430	12:57:06	32281c32-c142-4e7a-a1af-e9bdfcd3fb2d	GET	/style.css	undefined
20240430	12:57:06	b8944a22-da64-433e-9ec8-27f614a63c77	GET	/index.js	undefined
20240430	12:57:06	316cc489-9b46-4827-8e23-edb4e595a3e7	GET	/DR	undefined
20240430	12:57:06	608d58e4-cfcd-4dfb-a944-f034e4f0b9ec	GET	/UB	undefined
20240430	12:57:42	fb1eab14-0fe2-458c-b27d-f79cd2fc3634	POST	/transUB	http://localhost:3000
20240430	12:57:42	cac2f387-7dad-4177-b318-a803de030e70	GET	/UB	undefined
20240430	12:57:42	33645ea6-ee66-46d4-8be9-845588d7b052	GET	/DR	undefined
20240430	12:57:43	303996a7-7bac-43fb-9c7d-1674a0758c36	GET	/	undefined
20240430	12:57:43	c932c1bf-92c1-4a88-8fb3-3282326a4de6	GET	/style.css	undefined
20240430	12:57:43	2fd02675-0819-45c5-bb48-c757e946dff5	GET	/index.js	undefined
20240430	12:57:43	665392af-3d30-4b45-a4fa-bcc29a59f43e	GET	/UB	undefined
20240430	12:57:43	4aee41a2-6aca-42a6-84e7-908ae40a2178	GET	/DR	undefined
20240430	12:57:44	ede5c6f1-e230-498c-9f36-7ca75f3ffed8	GET	/	undefined
20240430	12:57:44	6cf82be5-f732-44d9-892a-9e0d0fe15b33	GET	/style.css	undefined
20240430	12:57:44	59646542-c2bd-4ed5-8345-42b7e9a46181	GET	/index.js	undefined
20240430	12:57:44	d49727d8-f5a3-41d1-9d41-f73c21c22197	GET	/UB	undefined
20240430	12:57:44	dfd59e70-705e-48da-b568-9c6a4d7d4fc2	GET	/DR	undefined
20240430	12:57:44	c4d9560d-8bf5-4548-80a3-c4e2ecbcc39c	GET	/	undefined
20240430	12:57:44	894b9406-e87a-48ab-a11d-94898ae903c8	GET	/style.css	undefined
20240430	12:57:44	3c5fd14a-7100-4f7c-8db6-854852894d3a	GET	/index.js	undefined
20240430	12:57:44	8577c1c8-d8a8-4941-b1dd-0595c6765f79	GET	/UB	undefined
20240430	12:57:44	63f4af29-1c3d-429d-a01b-3c375839aa64	GET	/DR	undefined
